2018-09-16 23:54:46 DEBUG CustomerDao:66 - loginCustomer function started
2018-09-16 23:54:47 DEBUG CustomerDao:121 - loginCustomer function ended
2018-09-18 11:35:28 DEBUG CustomerDao:66 - loginCustomer function started
2018-09-18 11:35:28 DEBUG CustomerDao:121 - loginCustomer function ended
2018-09-18 11:37:23 DEBUG CustomerDao:66 - loginCustomer function started
2018-09-18 11:37:23 DEBUG CustomerDao:121 - loginCustomer function ended
2018-09-18 11:39:42 DEBUG CustomerDao:66 - loginCustomer function started
2018-09-18 11:39:42 DEBUG CustomerDao:121 - loginCustomer function ended
2018-09-18 11:48:43 DEBUG CustomerDao:66 - loginCustomer function started
2018-09-18 11:48:43 DEBUG CustomerDao:121 - loginCustomer function ended
2018-09-18 11:49:34 DEBUG CustomerDao:66 - loginCustomer function started
2018-09-18 11:49:35 DEBUG CustomerDao:121 - loginCustomer function ended
2018-09-18 12:00:58 DEBUG CustomerDao:66 - loginCustomer function started
2018-09-18 12:00:59 DEBUG CustomerDao:122 - loginCustomer function ended
2018-09-18 12:28:38 DEBUG CustomerDao:66 - loginCustomer function started
2018-09-18 12:28:38 DEBUG CustomerDao:122 - loginCustomer function ended
2018-09-18 12:29:59 DEBUG CustomerDao:66 - loginCustomer function started
2018-09-18 12:29:59 DEBUG CustomerDao:122 - loginCustomer function ended
2018-09-18 12:37:17 DEBUG CustomerDao:66 - loginCustomer function started
2018-09-18 12:37:17 DEBUG CustomerDao:122 - loginCustomer function ended
2018-09-18 12:37:28 DEBUG CustomerDao:164 -  updateAccount execution started
2018-09-18 12:37:28 DEBUG CustomerDao:236 -  updateAccount execution ended
2018-09-18 12:38:15 DEBUG CustomerDao:66 - loginCustomer function started
2018-09-18 12:38:15 DEBUG CustomerDao:122 - loginCustomer function ended
2018-09-18 12:43:59 DEBUG CustomerDao:66 - loginCustomer function started
2018-09-18 12:43:59 DEBUG CustomerDao:122 - loginCustomer function ended
2018-09-18 12:47:05 DEBUG CustomerDao:66 - loginCustomer function started
2018-09-18 12:47:05 DEBUG CustomerDao:122 - loginCustomer function ended
2018-09-18 12:51:30 DEBUG CustomerDao:66 - loginCustomer function started
2018-09-18 12:51:30 DEBUG CustomerDao:122 - loginCustomer function ended
2018-09-18 13:33:51 DEBUG CustomerDao:66 - loginCustomer function started
2018-09-18 13:33:51 DEBUG CustomerDao:122 - loginCustomer function ended
2018-09-18 14:07:43 DEBUG CustomerDao:66 - loginCustomer function started
2018-09-18 14:07:43 DEBUG CustomerDao:122 - loginCustomer function ended
2018-09-18 14:09:37 DEBUG CustomerDao:66 - loginCustomer function started
2018-09-18 14:09:37 DEBUG CustomerDao:122 - loginCustomer function ended
2018-09-18 15:01:33 DEBUG CustomerDao:66 - loginCustomer function started
2018-09-18 15:01:33 DEBUG CustomerDao:122 - loginCustomer function ended
2018-09-18 15:11:22 DEBUG CustomerDao:66 - loginCustomer function started
2018-09-18 15:11:22 DEBUG CustomerDao:122 - loginCustomer function ended
2018-09-18 15:23:31 DEBUG CustomerDao:66 - loginCustomer function started
2018-09-18 15:23:31 DEBUG CustomerDao:122 - loginCustomer function ended
2018-09-18 15:27:37 DEBUG CustomerDao:66 - loginCustomer function started
2018-09-18 15:27:37 DEBUG CustomerDao:122 - loginCustomer function ended
2018-09-18 15:42:42 DEBUG CustomerDao:66 - loginCustomer function started
2018-09-18 15:42:42 DEBUG CustomerDao:122 - loginCustomer function ended
2018-09-18 15:45:58 DEBUG CustomerDao:66 - loginCustomer function started
2018-09-18 15:45:58 DEBUG CustomerDao:122 - loginCustomer function ended
2018-09-18 15:50:02 DEBUG CustomerDao:66 - loginCustomer function started
2018-09-18 15:50:02 DEBUG CustomerDao:122 - loginCustomer function ended
2018-09-18 16:10:47 DEBUG CustomerDao:66 - loginCustomer function started
2018-09-18 16:10:47 DEBUG CustomerDao:122 - loginCustomer function ended
2018-09-18 16:11:58 DEBUG CustomerDao:66 - loginCustomer function started
2018-09-18 16:11:58 DEBUG CustomerDao:122 - loginCustomer function ended
2018-09-18 16:16:31 DEBUG CustomerDao:66 - loginCustomer function started
2018-09-18 16:16:31 DEBUG CustomerDao:122 - loginCustomer function ended
2018-09-18 16:32:59 DEBUG CustomerDao:66 - loginCustomer function started
2018-09-18 16:32:59 DEBUG CustomerDao:122 - loginCustomer function ended
2018-09-18 16:46:41 DEBUG CustomerDao:66 - loginCustomer function started
2018-09-18 16:46:41 DEBUG CustomerDao:122 - loginCustomer function ended
2018-09-18 16:58:06 DEBUG CustomerDao:66 - loginCustomer function started
2018-09-18 16:58:06 DEBUG CustomerDao:122 - loginCustomer function ended
2018-09-18 16:59:12 DEBUG CustomerDao:66 - loginCustomer function started
2018-09-18 16:59:12 DEBUG CustomerDao:122 - loginCustomer function ended
2018-09-18 17:02:40 DEBUG CustomerDao:66 - loginCustomer function started
2018-09-18 17:02:41 DEBUG CustomerDao:122 - loginCustomer function ended
2018-09-18 17:03:55 DEBUG CustomerDao:66 - loginCustomer function started
2018-09-18 17:03:56 DEBUG CustomerDao:122 - loginCustomer function ended
2018-09-18 17:08:03 DEBUG CustomerDao:66 - loginCustomer function started
2018-09-18 17:08:03 DEBUG CustomerDao:122 - loginCustomer function ended
2018-09-18 17:08:08 DEBUG CustomerDao:66 - loginCustomer function started
2018-09-18 17:08:08 DEBUG CustomerDao:122 - loginCustomer function ended
2018-09-18 17:13:24 DEBUG CustomerDao:66 - loginCustomer function started
2018-09-18 17:13:24 DEBUG CustomerDao:122 - loginCustomer function ended
2018-09-18 17:18:26 DEBUG CustomerDao:66 - loginCustomer function started
2018-09-18 17:18:26 DEBUG CustomerDao:122 - loginCustomer function ended
2018-09-18 17:22:03 DEBUG CustomerDao:66 - loginCustomer function started
2018-09-18 17:22:03 DEBUG CustomerDao:122 - loginCustomer function ended
2018-09-18 17:23:58 DEBUG CustomerDao:66 - loginCustomer function started
2018-09-18 17:23:58 DEBUG CustomerDao:122 - loginCustomer function ended
2018-09-18 17:24:41 DEBUG CustomerDao:66 - loginCustomer function started
2018-09-18 17:24:41 DEBUG CustomerDao:122 - loginCustomer function ended
2018-09-18 17:26:58 DEBUG CustomerDao:66 - loginCustomer function started
2018-09-18 17:26:58 DEBUG CustomerDao:122 - loginCustomer function ended
2018-09-18 18:04:47 DEBUG CustomerDao:66 - loginCustomer function started
2018-09-18 18:04:47 DEBUG CustomerDao:122 - loginCustomer function ended
2018-09-18 18:53:43 DEBUG CustomerDao:26 -  insertCustomer execution started
2018-09-18 18:53:43 DEBUG CustomerDao:61 - insertCustomer execution ending
2018-09-18 18:53:54 DEBUG CustomerDao:66 - loginCustomer function started
2018-09-18 18:53:54 DEBUG CustomerDao:122 - loginCustomer function ended
2018-09-18 18:54:55 DEBUG CustomerDao:164 -  updateAccount execution started
2018-09-18 18:54:55 DEBUG CustomerDao:236 -  updateAccount execution ended
2018-09-18 18:55:37 DEBUG CustomerDao:128 -  changePassword execution started
2018-09-18 18:56:01 DEBUG CustomerDao:128 -  changePassword execution started
2018-09-18 18:57:34 DEBUG CustomerDao:26 -  insertCustomer execution started
2018-09-18 18:57:34 DEBUG CustomerDao:61 - insertCustomer execution ending
2018-09-18 18:57:52 DEBUG CustomerDao:66 - loginCustomer function started
2018-09-18 18:57:52 DEBUG CustomerDao:122 - loginCustomer function ended
2018-09-18 19:27:16 DEBUG CustomerDao:26 -  insertCustomer execution started
2018-09-18 19:27:16 DEBUG CustomerDao:61 - insertCustomer execution ending
2018-09-18 19:27:35 DEBUG CustomerDao:66 - loginCustomer function started
2018-09-18 19:27:35 DEBUG CustomerDao:122 - loginCustomer function ended
2018-09-18 22:52:32 DEBUG CustomerDao:66 - loginCustomer function started
2018-09-18 22:52:32 DEBUG CustomerDao:122 - loginCustomer function ended
2018-09-18 22:52:43 DEBUG CustomerDao:128 -  changePassword execution started
2018-09-18 22:52:43 DEBUG CustomerDao:158 -  changePassword execution ended
2018-09-18 22:52:56 DEBUG CustomerDao:128 -  changePassword execution started
2018-09-18 22:52:56 DEBUG CustomerDao:158 -  changePassword execution ended
2018-09-18 22:53:04 DEBUG CustomerDao:128 -  changePassword execution started
2018-09-18 22:53:04 DEBUG CustomerDao:158 -  changePassword execution ended
2018-09-18 22:53:19 DEBUG CustomerDao:66 - loginCustomer function started
2018-09-18 22:53:19 DEBUG CustomerDao:122 - loginCustomer function ended
2018-09-18 22:53:27 DEBUG CustomerDao:128 -  changePassword execution started
2018-09-18 22:53:27 DEBUG CustomerDao:158 -  changePassword execution ended
2018-09-18 22:53:50 DEBUG CustomerDao:128 -  changePassword execution started
2018-09-18 22:53:50 DEBUG CustomerDao:158 -  changePassword execution ended
2018-09-18 22:53:57 DEBUG CustomerDao:128 -  changePassword execution started
2018-09-18 22:53:57 DEBUG CustomerDao:158 -  changePassword execution ended
2018-09-18 22:54:03 DEBUG CustomerDao:128 -  changePassword execution started
2018-09-18 22:54:03 DEBUG CustomerDao:158 -  changePassword execution ended
2018-09-18 22:55:02 DEBUG CustomerDao:128 -  changePassword execution started
2018-09-18 22:55:02 DEBUG CustomerDao:158 -  changePassword execution ended
2018-09-18 22:55:32 DEBUG CustomerDao:26 -  insertCustomer execution started
2018-09-18 22:55:32 DEBUG CustomerDao:61 - insertCustomer execution ending
2018-09-18 22:55:42 DEBUG CustomerDao:66 - loginCustomer function started
2018-09-18 22:55:42 DEBUG CustomerDao:122 - loginCustomer function ended
2018-09-18 22:56:29 DEBUG CustomerDao:164 -  updateAccount execution started
2018-09-18 22:56:29 DEBUG CustomerDao:236 -  updateAccount execution ended
2018-09-18 22:57:27 DEBUG CustomerDao:164 -  updateAccount execution started
2018-09-18 22:57:27 DEBUG CustomerDao:236 -  updateAccount execution ended
2018-09-18 22:57:48 DEBUG CustomerDao:128 -  changePassword execution started
2018-09-18 22:58:19 DEBUG CustomerDao:128 -  changePassword execution started
2018-09-18 22:59:21 DEBUG CustomerDao:66 - loginCustomer function started
2018-09-18 22:59:21 DEBUG CustomerDao:122 - loginCustomer function ended
2018-09-18 22:59:45 DEBUG CustomerDao:66 - loginCustomer function started
2018-09-18 22:59:45 DEBUG CustomerDao:122 - loginCustomer function ended
2018-09-18 23:00:00 DEBUG CustomerDao:128 -  changePassword execution started
2018-09-18 23:00:00 DEBUG CustomerDao:159 -  changePassword execution ended
2018-09-18 23:01:36 DEBUG CustomerDao:128 -  changePassword execution started
2018-09-18 23:01:36 DEBUG CustomerDao:159 -  changePassword execution ended
2018-09-18 23:10:44 DEBUG CustomerDao:66 - loginCustomer function started
2018-09-18 23:10:44 DEBUG CustomerDao:122 - loginCustomer function ended
2018-09-18 23:10:56 DEBUG CustomerDao:26 -  insertCustomer execution started
2018-09-18 23:10:56 DEBUG CustomerDao:61 - insertCustomer execution ending
2018-09-18 23:11:02 DEBUG CustomerDao:66 - loginCustomer function started
2018-09-18 23:11:02 DEBUG CustomerDao:122 - loginCustomer function ended
2018-09-18 23:13:49 DEBUG CustomerDao:128 -  changePassword execution started
2018-09-18 23:13:49 DEBUG CustomerDao:159 -  changePassword execution ended
2018-09-18 23:14:08 DEBUG CustomerDao:128 -  changePassword execution started
2018-09-18 23:14:08 DEBUG CustomerDao:159 -  changePassword execution ended
2018-09-18 23:15:16 DEBUG CustomerDao:165 -  updateAccount execution started
2018-09-18 23:15:16 DEBUG CustomerDao:237 -  updateAccount execution ended
2018-09-18 23:34:54 DEBUG CustomerDao:66 - loginCustomer function started
2018-09-18 23:34:54 DEBUG CustomerDao:122 - loginCustomer function ended
2018-09-18 23:35:03 DEBUG CustomerDao:66 - loginCustomer function started
2018-09-18 23:35:03 DEBUG CustomerDao:122 - loginCustomer function ended
2018-09-18 23:56:23 DEBUG CustomerDao:26 -  insertCustomer execution started
2018-09-18 23:56:23 DEBUG CustomerDao:61 - insertCustomer execution ending
2018-09-18 23:56:32 DEBUG CustomerDao:66 - loginCustomer function started
2018-09-18 23:56:32 DEBUG CustomerDao:122 - loginCustomer function ended
2018-09-18 23:56:52 DEBUG CustomerDao:128 -  changePassword execution started
2018-09-18 23:56:52 DEBUG CustomerDao:159 -  changePassword execution ended
2018-09-18 23:57:00 DEBUG CustomerDao:128 -  changePassword execution started
2018-09-18 23:57:00 DEBUG CustomerDao:159 -  changePassword execution ended
2018-09-18 23:57:55 DEBUG CustomerDao:165 -  updateAccount execution started
2018-09-18 23:57:55 DEBUG CustomerDao:237 -  updateAccount execution ended
2018-09-19 00:01:50 DEBUG CustomerDao:26 -  insertCustomer execution started
2018-09-19 00:01:50 DEBUG CustomerDao:61 - insertCustomer execution ending
2018-09-19 00:04:01 DEBUG CustomerDao:66 - loginCustomer function started
2018-09-19 00:04:01 DEBUG CustomerDao:122 - loginCustomer function ended
2018-09-19 00:09:59 DEBUG CustomerDao:66 - loginCustomer function started
2018-09-19 00:09:59 DEBUG CustomerDao:122 - loginCustomer function ended
2018-09-19 00:10:07 DEBUG CustomerDao:66 - loginCustomer function started
2018-09-19 00:10:07 DEBUG CustomerDao:122 - loginCustomer function ended
2018-09-19 00:13:10 DEBUG CustomerDao:66 - loginCustomer function started
2018-09-19 00:13:10 DEBUG CustomerDao:122 - loginCustomer function ended
2018-09-19 10:22:04 DEBUG CustomerDao:66 - loginCustomer function started
2018-09-19 10:22:04 DEBUG CustomerDao:122 - loginCustomer function ended
2018-09-19 10:30:04 DEBUG CustomerDao:128 -  changePassword execution started
2018-09-19 10:30:04 DEBUG CustomerDao:159 -  changePassword execution ended
2018-09-19 10:30:16 DEBUG CustomerDao:128 -  changePassword execution started
2018-09-19 10:30:16 DEBUG CustomerDao:159 -  changePassword execution ended
2018-09-19 10:30:29 DEBUG CustomerDao:128 -  changePassword execution started
2018-09-19 10:30:29 DEBUG CustomerDao:159 -  changePassword execution ended
2018-09-19 13:37:41 DEBUG CustomerDao:66 - loginCustomer function started
2018-09-19 13:37:41 DEBUG CustomerDao:122 - loginCustomer function ended
2018-09-19 13:56:36 DEBUG CustomerDao:66 - loginCustomer function started
2018-09-19 13:56:36 DEBUG CustomerDao:122 - loginCustomer function ended
2018-09-19 13:59:13 DEBUG CustomerDao:66 - loginCustomer function started
2018-09-19 13:59:13 DEBUG CustomerDao:122 - loginCustomer function ended
2018-09-19 14:01:15 DEBUG CustomerDao:165 -  updateAccount execution started
2018-09-19 14:01:15 DEBUG CustomerDao:237 -  updateAccount execution ended
2018-09-19 14:01:21 DEBUG CustomerDao:165 -  updateAccount execution started
2018-09-19 14:01:22 DEBUG CustomerDao:237 -  updateAccount execution ended
2018-09-19 14:01:37 DEBUG CustomerDao:165 -  updateAccount execution started
2018-09-19 14:01:37 DEBUG CustomerDao:237 -  updateAccount execution ended
2018-09-19 14:01:42 DEBUG CustomerDao:165 -  updateAccount execution started
2018-09-19 14:01:42 DEBUG CustomerDao:237 -  updateAccount execution ended
2018-09-19 14:54:40 DEBUG CustomerDao:26 -  insertCustomer execution started
2018-09-19 14:54:41 DEBUG CustomerDao:61 - insertCustomer execution ending
2018-09-19 14:54:49 DEBUG CustomerDao:66 - loginCustomer function started
2018-09-19 14:54:49 DEBUG CustomerDao:122 - loginCustomer function ended
2018-09-19 14:55:15 DEBUG CustomerDao:165 -  updateAccount execution started
2018-09-19 14:55:15 DEBUG CustomerDao:237 -  updateAccount execution ended
2018-09-19 14:58:08 DEBUG CustomerDao:165 -  updateAccount execution started
2018-09-19 14:58:08 DEBUG CustomerDao:237 -  updateAccount execution ended
2018-09-19 14:59:35 DEBUG CustomerDao:165 -  updateAccount execution started
2018-09-19 14:59:35 DEBUG CustomerDao:237 -  updateAccount execution ended
2018-09-19 15:02:04 DEBUG CustomerDao:66 - loginCustomer function started
2018-09-19 15:02:04 DEBUG CustomerDao:122 - loginCustomer function ended
2018-09-19 15:02:17 DEBUG CustomerDao:165 -  updateAccount execution started
2018-09-19 15:02:17 DEBUG CustomerDao:230 -  updateAccount execution ended
2018-09-19 15:03:59 DEBUG CustomerDao:66 - loginCustomer function started
2018-09-19 15:04:00 DEBUG CustomerDao:122 - loginCustomer function ended
2018-09-19 15:04:14 DEBUG CustomerDao:165 -  updateAccount execution started
2018-09-19 15:04:14 DEBUG CustomerDao:230 -  updateAccount execution ended
2018-09-19 15:05:06 DEBUG CustomerDao:165 -  updateAccount execution started
2018-09-19 15:05:06 DEBUG CustomerDao:230 -  updateAccount execution ended
2018-09-19 16:11:43 DEBUG CustomerDao:66 - loginCustomer function started
2018-09-19 16:11:43 DEBUG CustomerDao:122 - loginCustomer function ended
2018-09-19 16:28:53 DEBUG CustomerDao:66 - loginCustomer function started
2018-09-19 16:28:53 DEBUG CustomerDao:122 - loginCustomer function ended
2018-09-19 16:41:21 DEBUG CustomerDao:66 - loginCustomer function started
2018-09-19 16:41:21 DEBUG CustomerDao:122 - loginCustomer function ended
2018-09-19 16:49:46 DEBUG CustomerDao:66 - loginCustomer function started
2018-09-19 16:49:46 DEBUG CustomerDao:122 - loginCustomer function ended
2018-09-19 17:03:39 DEBUG CustomerDao:66 - loginCustomer function started
2018-09-19 17:03:39 DEBUG CustomerDao:122 - loginCustomer function ended
2018-09-19 17:03:49 DEBUG CustomerDao:66 - loginCustomer function started
2018-09-19 17:03:49 DEBUG CustomerDao:122 - loginCustomer function ended
2018-09-19 17:26:24 DEBUG CustomerDao:66 - loginCustomer function started
2018-09-19 17:26:24 DEBUG CustomerDao:122 - loginCustomer function ended
2018-09-19 17:46:45 DEBUG CustomerDao:66 - loginCustomer function started
2018-09-19 17:46:45 DEBUG CustomerDao:122 - loginCustomer function ended
2018-09-19 18:46:54 DEBUG CustomerDao:26 -  insertCustomer execution started
2018-09-19 18:46:54 DEBUG CustomerDao:61 - insertCustomer execution ending
2018-09-19 18:47:27 DEBUG CustomerDao:66 - loginCustomer function started
2018-09-19 18:47:27 DEBUG CustomerDao:122 - loginCustomer function ended
2018-09-21 16:09:20 DEBUG CustomerDao:69 - loginCustomer function started
2018-09-21 16:09:23 ERROR CustomerDao:117 - Exception Occured.
com.mysql.jdbc.exceptions.jdbc4.CommunicationsException: Communications link failure

The last packet sent successfully to the server was 0 milliseconds ago. The driver has not received any packets from the server.
	at sun.reflect.NativeConstructorAccessorImpl.newInstance0(Native Method)
	at sun.reflect.NativeConstructorAccessorImpl.newInstance(Unknown Source)
	at sun.reflect.DelegatingConstructorAccessorImpl.newInstance(Unknown Source)
	at java.lang.reflect.Constructor.newInstance(Unknown Source)
	at com.mysql.jdbc.Util.handleNewInstance(Util.java:425)
	at com.mysql.jdbc.SQLError.createCommunicationsException(SQLError.java:989)
	at com.mysql.jdbc.MysqlIO.<init>(MysqlIO.java:341)
	at com.mysql.jdbc.ConnectionImpl.coreConnect(ConnectionImpl.java:2189)
	at com.mysql.jdbc.ConnectionImpl.connectOneTryOnly(ConnectionImpl.java:2222)
	at com.mysql.jdbc.ConnectionImpl.createNewIO(ConnectionImpl.java:2017)
	at com.mysql.jdbc.ConnectionImpl.<init>(ConnectionImpl.java:779)
	at com.mysql.jdbc.JDBC4Connection.<init>(JDBC4Connection.java:47)
	at sun.reflect.NativeConstructorAccessorImpl.newInstance0(Native Method)
	at sun.reflect.NativeConstructorAccessorImpl.newInstance(Unknown Source)
	at sun.reflect.DelegatingConstructorAccessorImpl.newInstance(Unknown Source)
	at java.lang.reflect.Constructor.newInstance(Unknown Source)
	at com.mysql.jdbc.Util.handleNewInstance(Util.java:425)
	at com.mysql.jdbc.ConnectionImpl.getInstance(ConnectionImpl.java:389)
	at com.mysql.jdbc.NonRegisteringDriver.connect(NonRegisteringDriver.java:330)
	at java.sql.DriverManager.getConnection(Unknown Source)
	at java.sql.DriverManager.getConnection(Unknown Source)
	at org.apache.commons.dbcp2.DriverManagerConnectionFactory.createConnection(DriverManagerConnectionFactory.java:90)
	at org.apache.commons.dbcp2.PoolableConnectionFactory.makeObject(PoolableConnectionFactory.java:291)
	at org.apache.commons.pool2.impl.GenericObjectPool.create(GenericObjectPool.java:883)
	at org.apache.commons.pool2.impl.GenericObjectPool.borrowObject(GenericObjectPool.java:436)
	at org.apache.commons.pool2.impl.GenericObjectPool.borrowObject(GenericObjectPool.java:365)
	at org.apache.commons.dbcp2.PoolingDataSource.getConnection(PoolingDataSource.java:134)
	at com.techaspect.dao.CustomerDao.loginCustomer(CustomerDao.java:79)
	at com.techaspect.LoginServlet.service(LoginServlet.java:51)
	at javax.servlet.http.HttpServlet.service(HttpServlet.java:790)
	at org.eclipse.jetty.servlet.ServletHolder.handle(ServletHolder.java:837)
	at org.eclipse.jetty.servlet.ServletHandler.doHandle(ServletHandler.java:583)
	at org.eclipse.jetty.server.handler.ScopedHandler.handle(ScopedHandler.java:143)
	at org.eclipse.jetty.security.SecurityHandler.handle(SecurityHandler.java:548)
	at org.eclipse.jetty.server.session.SessionHandler.doHandle(SessionHandler.java:226)
	at org.eclipse.jetty.server.handler.ContextHandler.doHandle(ContextHandler.java:1180)
	at org.eclipse.jetty.servlet.ServletHandler.doScope(ServletHandler.java:511)
	at org.eclipse.jetty.server.session.SessionHandler.doScope(SessionHandler.java:185)
	at org.eclipse.jetty.server.handler.ContextHandler.doScope(ContextHandler.java:1112)
	at org.eclipse.jetty.server.handler.ScopedHandler.handle(ScopedHandler.java:141)
	at org.eclipse.jetty.server.handler.HandlerWrapper.handle(HandlerWrapper.java:134)
	at org.eclipse.jetty.server.Server.handle(Server.java:523)
	at org.eclipse.jetty.server.HttpChannel.handle(HttpChannel.java:320)
	at org.eclipse.jetty.server.HttpConnection.onFillable(HttpConnection.java:251)
	at org.eclipse.jetty.io.AbstractConnection$ReadCallback.succeeded(AbstractConnection.java:273)
	at org.eclipse.jetty.io.FillInterest.fillable(FillInterest.java:95)
	at org.eclipse.jetty.io.SelectChannelEndPoint$2.run(SelectChannelEndPoint.java:93)
	at org.eclipse.jetty.util.thread.strategy.ExecuteProduceConsume.executeProduceConsume(ExecuteProduceConsume.java:303)
	at org.eclipse.jetty.util.thread.strategy.ExecuteProduceConsume.produceConsume(ExecuteProduceConsume.java:148)
	at org.eclipse.jetty.util.thread.strategy.ExecuteProduceConsume.run(ExecuteProduceConsume.java:136)
	at org.eclipse.jetty.util.thread.QueuedThreadPool.runJob(QueuedThreadPool.java:671)
	at org.eclipse.jetty.util.thread.QueuedThreadPool$2.run(QueuedThreadPool.java:589)
	at java.lang.Thread.run(Unknown Source)
Caused by: java.net.ConnectException: Connection refused: connect
	at java.net.DualStackPlainSocketImpl.connect0(Native Method)
	at java.net.DualStackPlainSocketImpl.socketConnect(Unknown Source)
	at java.net.AbstractPlainSocketImpl.doConnect(Unknown Source)
	at java.net.AbstractPlainSocketImpl.connectToAddress(Unknown Source)
	at java.net.AbstractPlainSocketImpl.connect(Unknown Source)
	at java.net.PlainSocketImpl.connect(Unknown Source)
	at java.net.SocksSocketImpl.connect(Unknown Source)
	at java.net.Socket.connect(Unknown Source)
	at com.mysql.jdbc.StandardSocketFactory.connect(StandardSocketFactory.java:211)
	at com.mysql.jdbc.MysqlIO.<init>(MysqlIO.java:300)
	... 46 more
2018-09-21 16:09:23 DEBUG CustomerDao:125 - loginCustomer function ended
2018-09-21 16:10:35 DEBUG CustomerDao:69 - loginCustomer function started
2018-09-21 16:10:37 ERROR CustomerDao:117 - Exception Occured.
com.mysql.jdbc.exceptions.jdbc4.CommunicationsException: Communications link failure

The last packet sent successfully to the server was 0 milliseconds ago. The driver has not received any packets from the server.
	at sun.reflect.NativeConstructorAccessorImpl.newInstance0(Native Method)
	at sun.reflect.NativeConstructorAccessorImpl.newInstance(Unknown Source)
	at sun.reflect.DelegatingConstructorAccessorImpl.newInstance(Unknown Source)
	at java.lang.reflect.Constructor.newInstance(Unknown Source)
	at com.mysql.jdbc.Util.handleNewInstance(Util.java:425)
	at com.mysql.jdbc.SQLError.createCommunicationsException(SQLError.java:989)
	at com.mysql.jdbc.MysqlIO.<init>(MysqlIO.java:341)
	at com.mysql.jdbc.ConnectionImpl.coreConnect(ConnectionImpl.java:2189)
	at com.mysql.jdbc.ConnectionImpl.connectOneTryOnly(ConnectionImpl.java:2222)
	at com.mysql.jdbc.ConnectionImpl.createNewIO(ConnectionImpl.java:2017)
	at com.mysql.jdbc.ConnectionImpl.<init>(ConnectionImpl.java:779)
	at com.mysql.jdbc.JDBC4Connection.<init>(JDBC4Connection.java:47)
	at sun.reflect.NativeConstructorAccessorImpl.newInstance0(Native Method)
	at sun.reflect.NativeConstructorAccessorImpl.newInstance(Unknown Source)
	at sun.reflect.DelegatingConstructorAccessorImpl.newInstance(Unknown Source)
	at java.lang.reflect.Constructor.newInstance(Unknown Source)
	at com.mysql.jdbc.Util.handleNewInstance(Util.java:425)
	at com.mysql.jdbc.ConnectionImpl.getInstance(ConnectionImpl.java:389)
	at com.mysql.jdbc.NonRegisteringDriver.connect(NonRegisteringDriver.java:330)
	at java.sql.DriverManager.getConnection(Unknown Source)
	at java.sql.DriverManager.getConnection(Unknown Source)
	at org.apache.commons.dbcp2.DriverManagerConnectionFactory.createConnection(DriverManagerConnectionFactory.java:90)
	at org.apache.commons.dbcp2.PoolableConnectionFactory.makeObject(PoolableConnectionFactory.java:291)
	at org.apache.commons.pool2.impl.GenericObjectPool.create(GenericObjectPool.java:883)
	at org.apache.commons.pool2.impl.GenericObjectPool.borrowObject(GenericObjectPool.java:436)
	at org.apache.commons.pool2.impl.GenericObjectPool.borrowObject(GenericObjectPool.java:365)
	at org.apache.commons.dbcp2.PoolingDataSource.getConnection(PoolingDataSource.java:134)
	at com.techaspect.dao.CustomerDao.loginCustomer(CustomerDao.java:79)
	at com.techaspect.LoginServlet.service(LoginServlet.java:51)
	at javax.servlet.http.HttpServlet.service(HttpServlet.java:790)
	at org.eclipse.jetty.servlet.ServletHolder.handle(ServletHolder.java:837)
	at org.eclipse.jetty.servlet.ServletHandler.doHandle(ServletHandler.java:583)
	at org.eclipse.jetty.server.handler.ScopedHandler.handle(ScopedHandler.java:143)
	at org.eclipse.jetty.security.SecurityHandler.handle(SecurityHandler.java:548)
	at org.eclipse.jetty.server.session.SessionHandler.doHandle(SessionHandler.java:226)
	at org.eclipse.jetty.server.handler.ContextHandler.doHandle(ContextHandler.java:1180)
	at org.eclipse.jetty.servlet.ServletHandler.doScope(ServletHandler.java:511)
	at org.eclipse.jetty.server.session.SessionHandler.doScope(SessionHandler.java:185)
	at org.eclipse.jetty.server.handler.ContextHandler.doScope(ContextHandler.java:1112)
	at org.eclipse.jetty.server.handler.ScopedHandler.handle(ScopedHandler.java:141)
	at org.eclipse.jetty.server.handler.HandlerWrapper.handle(HandlerWrapper.java:134)
	at org.eclipse.jetty.server.Server.handle(Server.java:523)
	at org.eclipse.jetty.server.HttpChannel.handle(HttpChannel.java:320)
	at org.eclipse.jetty.server.HttpConnection.onFillable(HttpConnection.java:251)
	at org.eclipse.jetty.io.AbstractConnection$ReadCallback.succeeded(AbstractConnection.java:273)
	at org.eclipse.jetty.io.FillInterest.fillable(FillInterest.java:95)
	at org.eclipse.jetty.io.SelectChannelEndPoint$2.run(SelectChannelEndPoint.java:93)
	at org.eclipse.jetty.util.thread.strategy.ExecuteProduceConsume.executeProduceConsume(ExecuteProduceConsume.java:303)
	at org.eclipse.jetty.util.thread.strategy.ExecuteProduceConsume.produceConsume(ExecuteProduceConsume.java:148)
	at org.eclipse.jetty.util.thread.strategy.ExecuteProduceConsume.execute(ExecuteProduceConsume.java:100)
	at org.eclipse.jetty.io.ManagedSelector.run(ManagedSelector.java:147)
	at org.eclipse.jetty.util.thread.QueuedThreadPool.runJob(QueuedThreadPool.java:671)
	at org.eclipse.jetty.util.thread.QueuedThreadPool$2.run(QueuedThreadPool.java:589)
	at java.lang.Thread.run(Unknown Source)
Caused by: java.net.ConnectException: Connection refused: connect
	at java.net.DualStackPlainSocketImpl.connect0(Native Method)
	at java.net.DualStackPlainSocketImpl.socketConnect(Unknown Source)
	at java.net.AbstractPlainSocketImpl.doConnect(Unknown Source)
	at java.net.AbstractPlainSocketImpl.connectToAddress(Unknown Source)
	at java.net.AbstractPlainSocketImpl.connect(Unknown Source)
	at java.net.PlainSocketImpl.connect(Unknown Source)
	at java.net.SocksSocketImpl.connect(Unknown Source)
	at java.net.Socket.connect(Unknown Source)
	at com.mysql.jdbc.StandardSocketFactory.connect(StandardSocketFactory.java:211)
	at com.mysql.jdbc.MysqlIO.<init>(MysqlIO.java:300)
	... 47 more
2018-09-21 16:10:37 DEBUG CustomerDao:125 - loginCustomer function ended
2018-09-21 16:15:10 DEBUG CustomerDao:69 - loginCustomer function started
2018-09-21 16:18:10 DEBUG CustomerDao:69 - loginCustomer function started
2018-09-21 16:27:47 DEBUG CustomerDao:69 - loginCustomer function started
2018-09-21 16:27:48 DEBUG CustomerDao:126 - loginCustomer function ended
2018-09-21 16:35:10 DEBUG CustomerDao:69 - loginCustomer function started
2018-09-21 16:35:10 DEBUG CustomerDao:126 - loginCustomer function ended
2018-09-21 16:36:25 DEBUG CustomerDao:69 - loginCustomer function started
2018-09-21 16:36:25 DEBUG CustomerDao:126 - loginCustomer function ended
2018-09-21 16:36:54 DEBUG CustomerDao:169 -  updateAccount execution started
2018-09-21 16:36:54 DEBUG CustomerDao:235 -  updateAccount execution ended
2018-09-21 16:49:29 DEBUG VendorDao:23 -  loginVendor execution started
2018-09-21 16:49:30 DEBUG VendorDao:56 -  loginVendor execution ended
2018-09-21 16:49:31 DEBUG VendorDao:254 -  displayAllProducts execution started
2018-09-21 16:49:31 DEBUG VendorDao:397 -  displayAllProducts execution ended
2018-09-21 16:50:42 DEBUG VendorDao:430 -  editProduct execution started
2018-09-21 16:50:42 DEBUG VendorDao:591 -  editProduct execution ended
2018-09-21 16:50:42 DEBUG VendorDao:254 -  displayAllProducts execution started
2018-09-21 16:50:42 DEBUG VendorDao:397 -  displayAllProducts execution ended
2018-09-21 16:51:11 DEBUG CustomerDao:69 - loginCustomer function started
2018-09-21 16:51:11 DEBUG CustomerDao:126 - loginCustomer function ended
2018-09-21 16:51:12 DEBUG ProductDao:24 -  getAllProducts execution started
2018-09-21 16:51:12 DEBUG ProductDao:168 -  getAllProducts execution ended
2018-09-21 16:51:35 DEBUG ProductDao:24 -  getAllProducts execution started
2018-09-21 16:51:35 DEBUG ProductDao:168 -  getAllProducts execution ended
2018-09-21 16:51:42 DEBUG ProductDao:24 -  getAllProducts execution started
2018-09-21 16:51:42 DEBUG ProductDao:168 -  getAllProducts execution ended
2018-09-22 00:01:50 DEBUG CustomerDao:69 - loginCustomer function started
2018-09-22 00:01:51 DEBUG CustomerDao:126 - loginCustomer function ended
2018-09-22 00:02:06 DEBUG CustomerDao:169 -  updateAccount execution started
2018-09-22 00:02:06 DEBUG CustomerDao:235 -  updateAccount execution ended
2018-09-22 00:02:11 DEBUG ProductDao:24 -  getAllProducts execution started
2018-09-22 00:02:11 DEBUG ProductDao:168 -  getAllProducts execution ended
2018-09-22 00:02:26 DEBUG ProductDao:24 -  getAllProducts execution started
2018-09-22 00:02:26 DEBUG ProductDao:168 -  getAllProducts execution ended
2018-09-22 00:02:30 DEBUG ProductDao:24 -  getAllProducts execution started
2018-09-22 00:02:30 DEBUG ProductDao:168 -  getAllProducts execution ended
2018-09-22 00:02:57 DEBUG ProductDao:24 -  getAllProducts execution started
2018-09-22 00:02:57 DEBUG ProductDao:168 -  getAllProducts execution ended
2018-09-22 00:03:19 DEBUG ProductDao:24 -  getAllProducts execution started
2018-09-22 00:03:19 DEBUG ProductDao:168 -  getAllProducts execution ended
2018-09-22 00:03:25 DEBUG ProductDao:24 -  getAllProducts execution started
2018-09-22 00:03:25 DEBUG ProductDao:168 -  getAllProducts execution ended
